Notice: Output directory `generated/guest_marko_petek' does not exist. I have created it for you.
D:/users/workspace/base/shelldev/0guests/marko_petek/Guest_Marko_Petek_Lib/algorithms/SpecificSolver/0SpecificDESolverBase.cs:125: warning: argument 'pointsPerDomain' of command @param is not found in the argument list of IG::MPetekLib::Algorithms::SpecificSolver::SpecificDESolverBase::PostProcessErrors(int forceTakeValue)
D:/users/workspace/base/shelldev/0guests/marko_petek/Guest_Marko_Petek_Lib/algorithms/SpecificSolver/0SpecificDESolverBase.cs:125: warning: The following parameters of IG::MPetekLib::Algorithms::SpecificSolver::SpecificDESolverBase::PostProcessErrors(int forceTakeValue) are not documented:
  parameter 'forceTakeValue'
D:/users/workspace/base/shelldev/0guests/marko_petek/Guest_Marko_Petek_Lib/algorithms/SpecificSolver/0SpecificDESolverBase.cs:125: warning: argument 'pointsPerDomain' of command @param is not found in the argument list of IG::MPetekLib::Algorithms::SpecificSolver::SpecificDESolverBase::PostProcessErrors(int forceTakeValue)
D:/users/workspace/base/shelldev/0guests/marko_petek/Guest_Marko_Petek_Lib/algorithms/SpecificSolver/0SpecificDESolverBase.cs:125: warning: The following parameters of IG::MPetekLib::Algorithms::SpecificSolver::SpecificDESolverBase::PostProcessErrors(int forceTakeValue) are not documented:
  parameter 'forceTakeValue'
D:/users/workspace/base/shelldev/0guests/marko_petek/Guest_Marko_Petek_Lib/algorithms/SpecificSolver/1DrivenPendulumBase.cs:63: warning: argument 'arg' of command @param is not found in the argument list of IG::MPetekLib::Algorithms::SpecificSolver::DrivenPendulumBase::DrivingFunction(double t)
D:/users/workspace/base/shelldev/0guests/marko_petek/Guest_Marko_Petek_Lib/algorithms/SpecificSolver/1DrivenPendulumBase.cs:63: warning: The following parameters of IG::MPetekLib::Algorithms::SpecificSolver::DrivenPendulumBase::DrivingFunction(double t) are not documented:
  parameter 't'
D:/users/workspace/base/shelldev/0guests/marko_petek/Guest_Marko_Petek_Lib/algorithms/SpecificSolver/DrivenNonlinearPendulum.cs:76: warning: argument 'arg' of command @param is not found in the argument list of IG::MPetekLib::Algorithms::SpecificSolver::DrivenNonlinearPendulum::DrivingFunction(double t) inherited from member DrivingFunction at line 63 in file D:/users/workspace/base/shelldev/0guests/marko_petek/Guest_Marko_Petek_Lib/algorithms/SpecificSolver/1DrivenPendulumBase.cs
D:/users/workspace/base/shelldev/0guests/marko_petek/Guest_Marko_Petek_Lib/algorithms/SpecificSolver/DrivenNonlinearPendulum.cs:76: warning: The following parameters of IG::MPetekLib::Algorithms::SpecificSolver::DrivenNonlinearPendulum::DrivingFunction(double t) are not documented:
  parameter 't'
D:/users/workspace/base/shelldev/0guests/marko_petek/Guest_Marko_Petek_Lib/algorithms/SpecificSolver/DrivenNonlinPendNondim.cs:89: warning: argument 'arg' of command @param is not found in the argument list of IG::MPetekLib::Algorithms::SpecificSolver::DrivenNonlinPendNondim::DrivingFunction(double t) inherited from member DrivingFunction at line 63 in file D:/users/workspace/base/shelldev/0guests/marko_petek/Guest_Marko_Petek_Lib/algorithms/SpecificSolver/1DrivenPendulumBase.cs
D:/users/workspace/base/shelldev/0guests/marko_petek/Guest_Marko_Petek_Lib/algorithms/SpecificSolver/DrivenNonlinPendNondim.cs:89: warning: The following parameters of IG::MPetekLib::Algorithms::SpecificSolver::DrivenNonlinPendNondim::DrivingFunction(double t) are not documented:
  parameter 't'
D:/users/workspace/base/shelldev/0guests/marko_petek/Guest_Marko_Petek_Lib/algorithms/SpecificSolver/MagneticOscHardSpring.cs:88: warning: argument 'arg' of command @param is not found in the argument list of IG::MPetekLib::Algorithms::SpecificSolver::MagneticOscHardSpring::DrivingFunction(double t) inherited from member DrivingFunction at line 63 in file D:/users/workspace/base/shelldev/0guests/marko_petek/Guest_Marko_Petek_Lib/algorithms/SpecificSolver/1DrivenPendulumBase.cs
D:/users/workspace/base/shelldev/0guests/marko_petek/Guest_Marko_Petek_Lib/algorithms/SpecificSolver/MagneticOscHardSpring.cs:88: warning: The following parameters of IG::MPetekLib::Algorithms::SpecificSolver::MagneticOscHardSpring::DrivingFunction(double t) are not documented:
  parameter 't'
D:/users/workspace/base/shelldev/0guests/marko_petek/Guest_Marko_Petek_Lib/application/scripts/LinearOscillator/10MultipleResCurvesPlotObsolete.cs:14: warning: argument 'whichOutpput' of command @param is not found in the argument list of IG::MPetekLib::Application::Scripts::LinearOscillator::_10MultipleResCurvesPlotObsolete::ApplyPlotterSettingsDefault(PlotterZedGraph plotter, int whichInput, int numInputs, int whichOutput, int numOutpts)
D:/users/workspace/base/shelldev/0guests/marko_petek/Guest_Marko_Petek_Lib/application/scripts/LinearOscillator/10MultipleResCurvesPlotObsolete.cs:14: warning: The following parameters of IG::MPetekLib::Application::Scripts::LinearOscillator::_10MultipleResCurvesPlotObsolete::ApplyPlotterSettingsDefault(PlotterZedGraph plotter, int whichInput, int numInputs, int whichOutput, int numOutpts) are not documented:
  parameter 'numInputs'
  parameter 'whichOutput'
  parameter 'numOutpts'
D:/users/workspace/base/shelldev/0guests/marko_petek/Guest_Marko_Petek_Lib/application/scripts/LinearOscillator/10MultipleResCurvesPlotObsolete.cs:29: warning: argument 'whichInput' of command @param is not found in the argument list of IG::MPetekLib::Application::Scripts::LinearOscillator::_10MultipleResCurvesPlotObsolete::ApplyPlotCurveSettingsDefault(PlotZedgraphCurve plot, int whichCurve, int numCurves)
D:/users/workspace/base/shelldev/0guests/marko_petek/Guest_Marko_Petek_Lib/application/scripts/LinearOscillator/10MultipleResCurvesPlotObsolete.cs:29: warning: argument 'whichOutpput' of command @param is not found in the argument list of IG::MPetekLib::Application::Scripts::LinearOscillator::_10MultipleResCurvesPlotObsolete::ApplyPlotCurveSettingsDefault(PlotZedgraphCurve plot, int whichCurve, int numCurves)
D:/users/workspace/base/shelldev/0guests/marko_petek/Guest_Marko_Petek_Lib/application/scripts/LinearOscillator/10MultipleResCurvesPlotObsolete.cs:29: warning: The following parameters of IG::MPetekLib::Application::Scripts::LinearOscillator::_10MultipleResCurvesPlotObsolete::ApplyPlotCurveSettingsDefault(PlotZedgraphCurve plot, int whichCurve, int numCurves) are not documented:
  parameter 'whichCurve'
  parameter 'numCurves'
