D:/users/workspace/develop/shell/lib/LibOpt/interfaces/jmatpro/SimJMatProConst.cs:37: warning: documented function `static IG::Lib::SimJMatProConst::string' was not declared or defined.
D:/users/workspace/develop/shell/lib/LibOpt/interfaces/jmatpro/SimJMatProFileManager.cs:6972: warning: documented function `IG::Num::SimJMatProFileManagerBase::string' was not declared or defined.
D:/users/workspace/develop/shell/lib/LibOpt/interfaces/jmatpro/SimJMatProFileManager.cs:6991: warning: documented function `IG::Num::SimJMatProFileManagerBase::string' was not declared or defined.
D:/users/workspace/develop/shell/extensions/ExtShellApp/xx_temp_utilities/InterfaceInvTempForTesting.cs:283: warning: argument 'message' of command @param is not found in the argument list of IG::Lib::TemporaryInterfaceInvAn_Temp_For_Testing::Interpret(string filePath)
D:/users/workspace/develop/shell/extensions/ExtShellApp/xx_temp_utilities/InterfaceInvTempForTesting.cs:283: warning: The following parameters of IG::Lib::TemporaryInterfaceInvAn_Temp_For_Testing::Interpret(string filePath) are not documented:
  parameter 'filePath'
D:/users/workspace/develop/shell/extensions/ExtShellApp/xx_temp_utilities/InterfaceInvTempForTesting.cs:497: warning: The following parameters of IG::Lib::TemporaryInterfaceInvAn_Temp_For_Testing::Analyse(IVector param, bool calcobj, bool calcconstr, bool calcgradobj, bool calcgradconstr) are not documented:
  parameter 'calcobj'
  parameter 'calcconstr'
  parameter 'calcgradobj'
  parameter 'calcgradconstr'
D:/users/workspace/develop/shell/lib/LibOpt/interfaces/jmatpro/SimJMatProAux.cs:36: warning: The following parameters of IG::Lib::JMatProElemetData::JMatProElemetData(string symbol, double atomicMass, string name) are not documented:
  parameter 'name'
D:/users/workspace/develop/shell/lib/LibOpt/interfaces/robert/SimCastingRobertConst.cs:69: warning: argument 'ProjectName' of command @param is not found in the argument list of IG::Lib::SimCastingRobertConst::CalculateRootContainingPath(string rootDirectoryPath, string projectName)
D:/users/workspace/develop/shell/lib/LibOpt/interfaces/robert/SimCastingRobertConst.cs:69: warning: The following parameters of IG::Lib::SimCastingRobertConst::CalculateRootContainingPath(string rootDirectoryPath, string projectName) are not documented:
  parameter 'projectName'
D:/users/workspace/develop/shell/lib/extended/LibShellExt/scripts/ScriptShellBase.cs:449: warning: argument 'simuator' of command @param is not found in the argument list of IG::Lib::LoadableScriptShellBase::CreateNewSimulator(string simulatorPath, ref IResponseEvaluatorVectorSimple simulator)
D:/users/workspace/develop/shell/lib/extended/LibShellExt/scripts/ScriptShellBase.cs:449: warning: The following parameters of IG::Lib::LoadableScriptShellBase::CreateNewSimulator(string simulatorPath, ref IResponseEvaluatorVectorSimple simulator) are not documented:
  parameter 'simulator'
D:/users/workspace/develop/shell/lib/extended/LibShellExt/scripts/ScriptShellBase.cs:473: warning: Unsupported xml/html tag <paramparam> found
D:/users/workspace/develop/shell/lib/extended/LibShellExt/scripts/ScriptShellBase.cs:473: warning: Unsupported xml/html tag </paramparam> found
D:/users/workspace/develop/shell/lib/extended/LibShellExt/scripts/ScriptShellBase.cs:471: warning: The following parameters of IG::Lib::LoadableScriptShellBase::SimulatorCalculateResponse(IResponseEvaluatorVectorSimple simulator, IVector inputParameters, ref IVector outputValues) are not documented:
  parameter 'outputValues'
D:/users/workspace/develop/shell/lib/extended/LibShellExt/scripts/ScriptShellBase.cs:492: warning: argument 'inputParameters' of command @param is not found in the argument list of IG::Lib::LoadableScriptShellBase::SimulatorCalculateResponse(IVector parameters, ref IVector outputValues)
D:/users/workspace/develop/shell/lib/extended/LibShellExt/scripts/ScriptShellBase.cs:493: warning: Unsupported xml/html tag <paramparam> found
D:/users/workspace/develop/shell/lib/extended/LibShellExt/scripts/ScriptShellBase.cs:493: warning: Unsupported xml/html tag </paramparam> found
D:/users/workspace/develop/shell/lib/extended/LibShellExt/scripts/ScriptShellBase.cs:492: warning: The following parameters of IG::Lib::LoadableScriptShellBase::SimulatorCalculateResponse(IVector parameters, ref IVector outputValues) are not documented:
  parameter 'parameters'
  parameter 'outputValues'
D:/users/workspace/develop/shell/ShellAppMess/xx_temp_utilities/InterfaceInvTemp.cs:283: warning: argument 'message' of command @param is not found in the argument list of IG::Lib::TemporaryInterfaceInvAn::Interpret(string filePath)
D:/users/workspace/develop/shell/ShellAppMess/xx_temp_utilities/InterfaceInvTemp.cs:283: warning: The following parameters of IG::Lib::TemporaryInterfaceInvAn::Interpret(string filePath) are not documented:
  parameter 'filePath'
D:/users/workspace/develop/shell/ShellAppMess/xx_temp_utilities/InterfaceInvTemp.cs:497: warning: The following parameters of IG::Lib::TemporaryInterfaceInvAn::Analyse(IVector param, bool calcobj, bool calcconstr, bool calcgradobj, bool calcgradconstr) are not documented:
  parameter 'calcobj'
  parameter 'calcconstr'
  parameter 'calcgradobj'
  parameter 'calcgradconstr'
D:/users/workspace/develop/shell/lib/extended/LibNeuralExt/NeuralNetworks.cs:18: warning: argument 'inputLength' of command @param is not found in the argument list of IG::Neural::NeuralNetworks::TrainNetwork(SampledDataSet trainingData, SampledDataSet verificationData)
D:/users/workspace/develop/shell/lib/extended/LibNeuralExt/NeuralNetworks.cs:18: warning: argument 'outputLength' of command @param is not found in the argument list of IG::Neural::NeuralNetworks::TrainNetwork(SampledDataSet trainingData, SampledDataSet verificationData)
D:/users/workspace/develop/shell/lib/extended/LibNeuralExt/NeuralNetworks.cs:18: warning: argument 'nnType' of command @param is not found in the argument list of IG::Neural::NeuralNetworks::TrainNetwork(SampledDataSet trainingData, SampledDataSet verificationData)
D:/users/workspace/develop/shell/lib/extended/LibNeuralExt/NeuralNetworks.cs:18: warning: The following parameters of IG::Neural::NeuralNetworks::TrainNetwork(SampledDataSet trainingData, SampledDataSet verificationData) are not documented:
  parameter 'verificationData'
D:/users/workspace/develop/shell/lib/extended/LibNeuralExt/NeuralNetworks.cs:245: warning: argument 'approximatedOutputValues' of command @param is not found in the argument list of IG::Neural::NeuralNetworks::Approximate(INeuralApproximator Approximator, SampledDataSet verificationData, ref SampledDataSet approximationData)
D:/users/workspace/develop/shell/lib/extended/LibNeuralExt/NeuralNetworks.cs:245: warning: The following parameters of IG::Neural::NeuralNetworks::Approximate(INeuralApproximator Approximator, SampledDataSet verificationData, ref SampledDataSet approximationData) are not documented:
  parameter 'approximationData'
D:/users/workspace/develop/shell/lib/extended/LibNeuralExt/presentation/NeuralTrainingResultsPlotter (Ferdo-PC's conflicted copy 2012-11-24).cs:115: warning: The following parameters of IG::Neural::NeuralTrainingResultsPlotter::ApplyPlotSettingsConvergence(PlotterZedGraph plotter, PlotZedgraphCurve plot, int whichOutput, int numOutputs) are not documented:
  parameter 'whichOutput'
  parameter 'numOutputs'
D:/users/workspace/develop/shell/lib/extended/LibNeuralExt/presentation/NeuralTrainingResultsPlotter (Ferdo-PC's conflicted copy 2012-11-24).cs:138: warning: unterminated param or exception tag
D:/users/workspace/develop/shell/lib/extended/LibNeuralExt/presentation/NeuralTrainingResultsPlotter (Ferdo-PC's conflicted copy 2012-11-24).cs:135: warning: The following parameters of IG::Neural::NeuralTrainingResultsPlotter::PlotConvergenceTrainingRms(int whichOutput, string errorsName, string outputName) are not documented:
  parameter 'outputName'
D:/users/workspace/develop/shell/lib/extended/LibNeuralExt/presentation/NeuralTrainingResultsPlotter (Ferdo-PC's conflicted copy 2012-11-24).cs:166: warning: The following parameters of IG::Neural::NeuralTrainingResultsPlotter::PlotConvergenceTrainingMax(int whichOutput, string errorsName, string outputName) are not documented:
  parameter 'outputName'
D:/users/workspace/develop/shell/lib/extended/LibNeuralExt/presentation/NeuralTrainingResultsPlotter (Ferdo-PC's conflicted copy 2012-11-24).cs:200: warning: unterminated param or exception tag
D:/users/workspace/develop/shell/lib/extended/LibNeuralExt/presentation/NeuralTrainingResultsPlotter (Ferdo-PC's conflicted copy 2012-11-24).cs:196: warning: The following parameters of IG::Neural::NeuralTrainingResultsPlotter::PlotConvergenceVerificationRms(int whichOutput, string errorsName, string outputName) are not documented:
  parameter 'outputName'
D:/users/workspace/develop/shell/lib/extended/LibNeuralExt/presentation/NeuralTrainingResultsPlotter (Ferdo-PC's conflicted copy 2012-11-24).cs:227: warning: The following parameters of IG::Neural::NeuralTrainingResultsPlotter::PlotConvergenceVerificationMax(int whichOutput, string errorsName, string outputName) are not documented:
  parameter 'outputName'
D:/users/workspace/develop/shell/lib/extended/LibNeuralExt/presentation/NeuralTrainingResultsPlotter (Ferdo-PC's conflicted copy 2012-11-24).cs:250: warning: The following parameters of IG::Neural::NeuralTrainingResultsPlotter::PlotConvergence(List< IVector > errors, int whichOutput, string errorName, string outputName) are not documented:
  parameter 'outputName'
D:/users/workspace/develop/shell/lib/extended/LibNeuralExt/presentation/NeuralTrainingResultsPlotter (Ferdo-PC's conflicted copy 2012-11-24).cs:369: warning: argument 'errorName' of command @param is not found in the argument list of IG::Neural::NeuralTrainingResultsPlotter::PlotConvergenceRms(int whichOutput, string outputName)
D:/users/workspace/develop/shell/lib/extended/LibNeuralExt/presentation/NeuralTrainingResultsPlotter.cs:115: warning: The following parameters of IG::Neural::NeuralTrainingResultsPlotter::ApplyPlotSettingsConvergence(PlotterZedGraph plotter, PlotZedgraphCurve plot, int whichOutput, int numOutputs) are not documented:
  parameter 'whichOutput'
  parameter 'numOutputs'
D:/users/workspace/develop/shell/lib/extended/LibNeuralExt/presentation/NeuralTrainingResultsPlotter.cs:138: warning: unterminated param or exception tag
D:/users/workspace/develop/shell/lib/extended/LibNeuralExt/presentation/NeuralTrainingResultsPlotter.cs:135: warning: The following parameters of IG::Neural::NeuralTrainingResultsPlotter::PlotConvergenceTrainingRms(int whichOutput, string errorsName, string outputName) are not documented:
  parameter 'outputName'
D:/users/workspace/develop/shell/lib/extended/LibNeuralExt/presentation/NeuralTrainingResultsPlotter.cs:166: warning: The following parameters of IG::Neural::NeuralTrainingResultsPlotter::PlotConvergenceTrainingMax(int whichOutput, string errorsName, string outputName) are not documented:
  parameter 'outputName'
D:/users/workspace/develop/shell/lib/extended/LibNeuralExt/presentation/NeuralTrainingResultsPlotter.cs:200: warning: unterminated param or exception tag
D:/users/workspace/develop/shell/lib/extended/LibNeuralExt/presentation/NeuralTrainingResultsPlotter.cs:196: warning: The following parameters of IG::Neural::NeuralTrainingResultsPlotter::PlotConvergenceVerificationRms(int whichOutput, string errorsName, string outputName) are not documented:
  parameter 'outputName'
D:/users/workspace/develop/shell/lib/extended/LibNeuralExt/presentation/NeuralTrainingResultsPlotter.cs:227: warning: The following parameters of IG::Neural::NeuralTrainingResultsPlotter::PlotConvergenceVerificationMax(int whichOutput, string errorsName, string outputName) are not documented:
  parameter 'outputName'
D:/users/workspace/develop/shell/lib/extended/LibNeuralExt/presentation/NeuralTrainingResultsPlotter.cs:250: warning: The following parameters of IG::Neural::NeuralTrainingResultsPlotter::PlotConvergence(List< IVector > errors, int whichOutput, string errorName, string outputName) are not documented:
  parameter 'outputName'
D:/users/workspace/develop/shell/lib/extended/LibNeuralExt/presentation/NeuralTrainingResultsPlotter.cs:369: warning: argument 'errorName' of command @param is not found in the argument list of IG::Neural::NeuralTrainingResultsPlotter::PlotConvergenceRms(int whichOutput, string outputName)
D:/users/workspace/develop/shell/lib/extended/LibNeuralExt/presentation/NeuralTrainingResultsPlotter (Ferdo-PC's conflicted copy 2012-11-24).cs:611: warning: The following parameters of IG::Neural::NeuralTrainingResultsPlotter1::ApplyPlotSettingsConvergence(PlotterZedGraph plotter, PlotZedgraphCurve plot, int whichOutput, int numOutputs) are not documented:
  parameter 'whichOutput'
  parameter 'numOutputs'
D:/users/workspace/develop/shell/lib/extended/LibNeuralExt/presentation/NeuralTrainingResultsPlotter (Ferdo-PC's conflicted copy 2012-11-24).cs:677: warning: The following parameters of IG::Neural::NeuralTrainingResultsPlotter1::PlotConvergenceTrainingRms(int whichOutput, int numBoundles) are not documented:
  parameter 'numBoundles'
D:/users/workspace/develop/shell/lib/extended/LibNeuralExt/presentation/NeuralTrainingResultsPlotter (Ferdo-PC's conflicted copy 2012-11-24).cs:684: warning: The following parameters of IG::Neural::NeuralTrainingResultsPlotter1::PlotConvergenceTrainingRms(int whichOutput, int numBoundles, string errorsName, string outputName) are not documented:
  parameter 'numBoundles'
  parameter 'outputName'
D:/users/workspace/develop/shell/lib/extended/LibNeuralExt/presentation/NeuralTrainingResultsPlotter (Ferdo-PC's conflicted copy 2012-11-24).cs:741: warning: The following parameters of IG::Neural::NeuralTrainingResultsPlotter1::PlotConvergenceTrainingMax(int whichOutput, int numBoundles) are not documented:
  parameter 'numBoundles'
D:/users/workspace/develop/shell/lib/extended/LibNeuralExt/presentation/NeuralTrainingResultsPlotter (Ferdo-PC's conflicted copy 2012-11-24).cs:751: warning: unterminated param or exception tag
D:/users/workspace/develop/shell/lib/extended/LibNeuralExt/presentation/NeuralTrainingResultsPlotter (Ferdo-PC's conflicted copy 2012-11-24).cs:748: warning: The following parameters of IG::Neural::NeuralTrainingResultsPlotter1::PlotConvergenceTrainingMax(int whichOutput, int numBoundles, string errorsName, string outputName) are not documented:
  parameter 'numBoundles'
  parameter 'outputName'
D:/users/workspace/develop/shell/lib/extended/LibNeuralExt/presentation/NeuralTrainingResultsPlotter (Ferdo-PC's conflicted copy 2012-11-24).cs:806: warning: The following parameters of IG::Neural::NeuralTrainingResultsPlotter1::PlotConvergenceVerificationRms(int whichOutput, int numBoundles) are not documented:
  parameter 'numBoundles'
D:/users/workspace/develop/shell/lib/extended/LibNeuralExt/presentation/NeuralTrainingResultsPlotter (Ferdo-PC's conflicted copy 2012-11-24).cs:816: warning: unterminated param or exception tag
D:/users/workspace/develop/shell/lib/extended/LibNeuralExt/presentation/NeuralTrainingResultsPlotter (Ferdo-PC's conflicted copy 2012-11-24).cs:813: warning: The following parameters of IG::Neural::NeuralTrainingResultsPlotter1::PlotConvergenceVerificationRms(int whichOutput, int numBoundles, string errorsName, string outputName) are not documented:
  parameter 'numBoundles'
  parameter 'outputName'
D:/users/workspace/develop/shell/lib/extended/LibNeuralExt/presentation/NeuralTrainingResultsPlotter (Ferdo-PC's conflicted copy 2012-11-24).cs:871: warning: The following parameters of IG::Neural::NeuralTrainingResultsPlotter1::PlotConvergenceVerificationMax(int whichOutput, int numBoundles) are not documented:
  parameter 'numBoundles'
D:/users/workspace/develop/shell/lib/extended/LibNeuralExt/presentation/NeuralTrainingResultsPlotter (Ferdo-PC's conflicted copy 2012-11-24).cs:881: warning: unterminated param or exception tag
D:/users/workspace/develop/shell/lib/extended/LibNeuralExt/presentation/NeuralTrainingResultsPlotter (Ferdo-PC's conflicted copy 2012-11-24).cs:878: warning: The following parameters of IG::Neural::NeuralTrainingResultsPlotter1::PlotConvergenceVerificationMax(int whichOutput, int numBoundles, string errorsName, string outputName) are not documented:
  parameter 'numBoundles'
  parameter 'outputName'
D:/users/workspace/develop/shell/lib/extended/LibNeuralExt/presentation/NeuralTrainingResultsPlotter (Ferdo-PC's conflicted copy 2012-11-24).cs:940: warning: unterminated param or exception tag
D:/users/workspace/develop/shell/lib/extended/LibNeuralExt/presentation/NeuralTrainingResultsPlotter (Ferdo-PC's conflicted copy 2012-11-24).cs:935: warning: The following parameters of IG::Neural::NeuralTrainingResultsPlotter1::PlotConvergence(List< IVector >[] errors, int whichOutput, int numBoundles, string errorName, string outputName) are not documented:
  parameter 'numBoundles'
D:/users/workspace/develop/shell/lib/extended/LibNeuralExt/presentation/NeuralTrainingResultsPlotter (Ferdo-PC's conflicted copy 2012-11-24).cs:1261: warning: The following parameters of IG::Neural::NeuralTrainingResultsPlotter1::CreatePlots(PlotterZedGraph plotter, List< IVector >[] yValues, List< int > xValues, int whichOutput, string[] errorNames, System.Drawing.Color colorFrom, System.Drawing.Color colorTo) are not documented:
  parameter 'xValues'
D:/users/workspace/develop/shell/lib/extended/LibNeuralExt/presentation/NeuralTrainingResultsPlotter.cs:611: warning: The following parameters of IG::Neural::NeuralTrainingResultsPlotter1::ApplyPlotSettingsConvergence(PlotterZedGraph plotter, PlotZedgraphCurve plot, int whichOutput, int numOutputs) are not documented:
  parameter 'whichOutput'
  parameter 'numOutputs'
D:/users/workspace/develop/shell/lib/extended/LibNeuralExt/presentation/NeuralTrainingResultsPlotter.cs:677: warning: The following parameters of IG::Neural::NeuralTrainingResultsPlotter1::PlotConvergenceTrainingRms(int whichOutput, int numBoundles) are not documented:
  parameter 'numBoundles'
D:/users/workspace/develop/shell/lib/extended/LibNeuralExt/presentation/NeuralTrainingResultsPlotter.cs:684: warning: The following parameters of IG::Neural::NeuralTrainingResultsPlotter1::PlotConvergenceTrainingRms(int whichOutput, int numBoundles, string errorsName, string outputName) are not documented:
  parameter 'numBoundles'
  parameter 'outputName'
D:/users/workspace/develop/shell/lib/extended/LibNeuralExt/presentation/NeuralTrainingResultsPlotter.cs:741: warning: The following parameters of IG::Neural::NeuralTrainingResultsPlotter1::PlotConvergenceTrainingMax(int whichOutput, int numBoundles) are not documented:
  parameter 'numBoundles'
D:/users/workspace/develop/shell/lib/extended/LibNeuralExt/presentation/NeuralTrainingResultsPlotter.cs:751: warning: unterminated param or exception tag
D:/users/workspace/develop/shell/lib/extended/LibNeuralExt/presentation/NeuralTrainingResultsPlotter.cs:748: warning: The following parameters of IG::Neural::NeuralTrainingResultsPlotter1::PlotConvergenceTrainingMax(int whichOutput, int numBoundles, string errorsName, string outputName) are not documented:
  parameter 'numBoundles'
  parameter 'outputName'
D:/users/workspace/develop/shell/lib/extended/LibNeuralExt/presentation/NeuralTrainingResultsPlotter.cs:806: warning: The following parameters of IG::Neural::NeuralTrainingResultsPlotter1::PlotConvergenceVerificationRms(int whichOutput, int numBoundles) are not documented:
  parameter 'numBoundles'
D:/users/workspace/develop/shell/lib/extended/LibNeuralExt/presentation/NeuralTrainingResultsPlotter.cs:816: warning: unterminated param or exception tag
D:/users/workspace/develop/shell/lib/extended/LibNeuralExt/presentation/NeuralTrainingResultsPlotter.cs:813: warning: The following parameters of IG::Neural::NeuralTrainingResultsPlotter1::PlotConvergenceVerificationRms(int whichOutput, int numBoundles, string errorsName, string outputName) are not documented:
  parameter 'numBoundles'
  parameter 'outputName'
D:/users/workspace/develop/shell/lib/extended/LibNeuralExt/presentation/NeuralTrainingResultsPlotter.cs:871: warning: The following parameters of IG::Neural::NeuralTrainingResultsPlotter1::PlotConvergenceVerificationMax(int whichOutput, int numBoundles) are not documented:
  parameter 'numBoundles'
D:/users/workspace/develop/shell/lib/extended/LibNeuralExt/presentation/NeuralTrainingResultsPlotter.cs:881: warning: unterminated param or exception tag
D:/users/workspace/develop/shell/lib/extended/LibNeuralExt/presentation/NeuralTrainingResultsPlotter.cs:878: warning: The following parameters of IG::Neural::NeuralTrainingResultsPlotter1::PlotConvergenceVerificationMax(int whichOutput, int numBoundles, string errorsName, string outputName) are not documented:
  parameter 'numBoundles'
  parameter 'outputName'
D:/users/workspace/develop/shell/lib/extended/LibNeuralExt/presentation/NeuralTrainingResultsPlotter.cs:940: warning: unterminated param or exception tag
D:/users/workspace/develop/shell/lib/extended/LibNeuralExt/presentation/NeuralTrainingResultsPlotter.cs:935: warning: The following parameters of IG::Neural::NeuralTrainingResultsPlotter1::PlotConvergence(List< IVector >[] errors, int whichOutput, int numBoundles, string errorName, string outputName) are not documented:
  parameter 'numBoundles'
D:/users/workspace/develop/shell/lib/extended/LibNeuralExt/presentation/NeuralTrainingResultsPlotter.cs:1261: warning: The following parameters of IG::Neural::NeuralTrainingResultsPlotter1::CreatePlots(PlotterZedGraph plotter, List< IVector >[] yValues, List< int > xValues, int whichOutput, string[] errorNames, System.Drawing.Color colorFrom, System.Drawing.Color colorTo) are not documented:
  parameter 'xValues'
D:/users/workspace/develop/shell/lib/extended/LibNeuralExt/presentation/NeuralTrainingTablePlotter.cs:21: warning: argument 'results' of command @param is not found in the argument list of IG::Neural::NeuralTrainingTablePlotter::NeuralTrainingTablePlotter(NeuralTrainingTable resultsTable)
D:/users/workspace/develop/shell/lib/extended/LibNeuralExt/presentation/NeuralTrainingTablePlotter.cs:21: warning: The following parameters of IG::Neural::NeuralTrainingTablePlotter::NeuralTrainingTablePlotter(NeuralTrainingTable resultsTable) are not documented:
  parameter 'resultsTable'
D:/users/workspace/develop/shell/lib/extended/LibNeuralExt/SerializationDtoNeuralApproximatorExt.cs:32: warning: argument 'dimension' of command @param is not found in the argument list of IG::Neural::NeuralApproximatorDtoBaseExt::CreateObject()
D:/users/workspace/develop/shell/lib/extended/LibNeuralExt/TestFunctions.cs:195: warning: The following parameters of IG::Neural::TestFunctions::TrainingPoints2D(IVector functionCoordinates[][], int numTrainingPoints, bool random) are not documented:
  parameter 'random'
D:/users/workspace/develop/shell/lib/extended/LibNeuralExt/TestFunctions.cs:208: warning: The following parameters of IG::Neural::TestFunctions::TrainingPoints2D(IVector functionCoordinates[][], int numXTrainingPoints, int numYTrainingPoints, bool random) are not documented:
  parameter 'random'
D:/users/workspace/develop/shell/Test_Igor/neural/TestNeural.cs:126: warning: argument 'directory' of command @param is not found in the argument list of IG::Neural::TestNeural::TestNeuralTrainingSetJson(string filePath)
D:/users/workspace/develop/shell/Test_Igor/neural/TestNeural.cs:126: warning: argument 'fileName' of command @param is not found in the argument list of IG::Neural::TestNeural::TestNeuralTrainingSetJson(string filePath)
D:/users/workspace/develop/shell/Test_Igor/neural/TestNeural.cs:126: warning: The following parameters of IG::Neural::TestNeural::TestNeuralTrainingSetJson(string filePath) are not documented:
  parameter 'filePath'
D:/users/workspace/develop/shell/Test_Igor/neural/TestNeural.cs:190: warning: argument 'directory' of command @param is not found in the argument list of IG::Neural::TestNeural::TestNeuralDataDefinitionJson(string filePath)
D:/users/workspace/develop/shell/Test_Igor/neural/TestNeural.cs:190: warning: argument 'fileName' of command @param is not found in the argument list of IG::Neural::TestNeural::TestNeuralDataDefinitionJson(string filePath)
D:/users/workspace/develop/shell/Test_Igor/neural/TestNeural.cs:190: warning: The following parameters of IG::Neural::TestNeural::TestNeuralDataDefinitionJson(string filePath) are not documented:
  parameter 'filePath'
D:/users/workspace/develop/shell/lib/extended/LibNeuralExtForms/FormsOld/Old/DemoNeuralOld.cs:231: warning: argument 'data' of command @param is not found in the argument list of IG::Neural::Applications::DemoNeuralOld::GraphDimensions1D(SampledDataSet data1D)
D:/users/workspace/develop/shell/lib/extended/LibNeuralExtForms/FormsOld/Old/DemoNeuralOld.cs:231: warning: The following parameters of IG::Neural::Applications::DemoNeuralOld::GraphDimensions1D(SampledDataSet data1D) are not documented:
  parameter 'data1D'
D:/users/workspace/develop/shell/lib/extended/LibNeuralExtForms/FormsExperimental/NeuralForms/NeuralControl1D.cs:226: warning: argument 'data' of command @param is not found in the argument list of IG::Neural::Forms::NeuralDemo1D::GraphDimensions1D(SampledDataSet data1D)
D:/users/workspace/develop/shell/lib/extended/LibNeuralExtForms/FormsExperimental/NeuralForms/NeuralControl1D.cs:226: warning: The following parameters of IG::Neural::Forms::NeuralDemo1D::GraphDimensions1D(SampledDataSet data1D) are not documented:
  parameter 'data1D'
D:/users/workspace/develop/shell/lib/extended/LibNeuralExtForms/FormsOld/Old/FormNeural1DOld.cs:534: warning: argument 'inputParam' of command @param is not found in the argument list of IG::Neural::Forms::Old::FormNeural1DOld::WriteTrainingPoints(SampledDataSet trainingData)
D:/users/workspace/develop/shell/lib/extended/LibNeuralExtForms/FormsOld/Old/FormNeural1DOld.cs:534: warning: argument 'outputVal' of command @param is not found in the argument list of IG::Neural::Forms::Old::FormNeural1DOld::WriteTrainingPoints(SampledDataSet trainingData)
D:/users/workspace/develop/shell/lib/extended/LibNeuralExtForms/FormsOld/Old/FormNeural1DOld.cs:534: warning: The following parameters of IG::Neural::Forms::Old::FormNeural1DOld::WriteTrainingPoints(SampledDataSet trainingData) are not documented:
  parameter 'trainingData'
D:/users/workspace/develop/shell/lib/extended/LibNeuralExtForms/FormsOld/Old/NeuralParametricTestOld.cs:284: warning: argument 'whichOutpput' of command @param is not found in the argument list of IG::Neural::Forms::Old::NeuralParametricTestOld::ApplyPlotterSettingsDefault(PlotterZedGraph plotter, int whichInput, int numInputs, int whichOutput, int numOutpts)
D:/users/workspace/develop/shell/lib/extended/LibNeuralExtForms/FormsOld/Old/NeuralParametricTestOld.cs:284: warning: The following parameters of IG::Neural::Forms::Old::NeuralParametricTestOld::ApplyPlotterSettingsDefault(PlotterZedGraph plotter, int whichInput, int numInputs, int whichOutput, int numOutpts) are not documented:
  parameter 'numInputs'
  parameter 'whichOutput'
  parameter 'numOutpts'
D:/users/workspace/develop/shell/lib/extended/LibNeuralExtForms/FormsOld/Old/NeuralParametricTestOld.cs:298: warning: argument 'plotter' of command @param is not found in the argument list of IG::Neural::Forms::Old::NeuralParametricTestOld::ApplyPlotCurveSettingsDefault(PlotZedgraphCurve plot, int whichInput, int numInputs, int whichOutput, int numOutpts)
D:/users/workspace/develop/shell/lib/extended/LibNeuralExtForms/FormsOld/Old/NeuralParametricTestOld.cs:298: warning: argument 'whichOutpput' of command @param is not found in the argument list of IG::Neural::Forms::Old::NeuralParametricTestOld::ApplyPlotCurveSettingsDefault(PlotZedgraphCurve plot, int whichInput, int numInputs, int whichOutput, int numOutpts)
D:/users/workspace/develop/shell/lib/extended/LibNeuralExtForms/FormsOld/Old/NeuralParametricTestOld.cs:298: warning: The following parameters of IG::Neural::Forms::Old::NeuralParametricTestOld::ApplyPlotCurveSettingsDefault(PlotZedgraphCurve plot, int whichInput, int numInputs, int whichOutput, int numOutpts) are not documented:
  parameter 'plot'
  parameter 'numInputs'
  parameter 'whichOutput'
  parameter 'numOutpts'
D:/users/workspace/develop/shell/lib/LibCommon/0guests/Tako78/Complex.cs:54: warning: argument 'imaginary' of command @param is not found in the argument list of IG::Num::complex::complex(double real)
D:/users/workspace/develop/shell/lib/LibCommon/0guests/Tako78/ComplexClass.cs:264: warning: argument 'number' of command @param is not found in the argument list of IG::Num::ComplexClass::operator ComplexClass(complex complexStruct)
D:/users/workspace/develop/shell/lib/LibCommon/0guests/Tako78/ComplexClass.cs:264: warning: The following parameters of IG::Num::ComplexClass::operator ComplexClass(complex complexStruct) are not documented:
  parameter 'complexStruct'
D:/users/workspace/develop/shell/lib/LibCommon/0guests/Tako78/ComplexMatrix.cs:85: warning: argument 'value' of command @param is not found in the argument list of IG::Num::ComplexMatrix::ComplexMatrix(int d1, int d2, double val)
D:/users/workspace/develop/shell/lib/LibCommon/0guests/Tako78/ComplexMatrix.cs:85: warning: The following parameters of IG::Num::ComplexMatrix::ComplexMatrix(int d1, int d2, double val) are not documented:
  parameter 'val'
D:/users/workspace/develop/shell/lib/LibCommon/0guests/Tako78/ComplexMatrix.cs:195: warning: argument 'd1' of command @param is not found in the argument list of IG::Num::ComplexMatrix::Ones(int d)
D:/users/workspace/develop/shell/lib/LibCommon/0guests/Tako78/ComplexMatrix.cs:195: warning: The following parameters of IG::Num::ComplexMatrix::Ones(int d) are not documented:
  parameter 'd'
D:/users/workspace/develop/shell/lib/LibCommon/0guests/Tako78/ComplexMatrixBase.cs:151: warning: argument 'columnCount' of command @param is not found in the argument list of IG::Num::ComplexMatrixBase::GetNewBase(int rowCount, int ColumnCount)
D:/users/workspace/develop/shell/lib/LibCommon/0guests/Tako78/ComplexMatrixBase.cs:151: warning: The following parameters of IG::Num::ComplexMatrixBase::GetNewBase(int rowCount, int ColumnCount) are not documented:
  parameter 'ColumnCount'
D:/users/workspace/develop/shell/lib/LibCommon/0guests/Tako78/ComplexVector.cs:34: warning: argument 'vec' of command @param is not found in the argument list of IG::Num::ComplexVector::ComplexVector(IComplexVector complexvec)
D:/users/workspace/develop/shell/lib/LibCommon/0guests/Tako78/ComplexVector.cs:34: warning: The following parameters of IG::Num::ComplexVector::ComplexVector(IComplexVector complexvec) are not documented:
  parameter 'complexvec'
D:/users/workspace/develop/shell/lib/LibCommon/0guests/Tako78/ComplexVector.cs:138: warning: argument 'd2' of command @param is not found in the argument list of IG::Num::ComplexVector::Ones(int n)
D:/users/workspace/develop/shell/lib/LibCommon/0guests/Tako78/ComplexVector.cs:138: warning: The following parameters of IG::Num::ComplexVector::Ones(int n) are not documented:
  parameter 'n'
D:/users/workspace/develop/shell/lib/LibCommon/0guests/Tako78/ComplexVector.cs:146: warning: argument 'd2' of command @param is not found in the argument list of IG::Num::ComplexVector::Zeros(int n)
D:/users/workspace/develop/shell/lib/LibCommon/0guests/Tako78/ComplexVector.cs:146: warning: The following parameters of IG::Num::ComplexVector::Zeros(int n) are not documented:
  parameter 'n'
D:/users/workspace/develop/shell/lib/LibCommon/0guests/Tako78/ComplexVector.cs:154: warning: argument 'd2' of command @param is not found in the argument list of IG::Num::ComplexVector::BasisVector(int n, int i)
D:/users/workspace/develop/shell/lib/LibCommon/0guests/Tako78/ComplexVector.cs:154: warning: The following parameters of IG::Num::ComplexVector::BasisVector(int n, int i) are not documented:
  parameter 'n'
D:/users/workspace/develop/shell/lib/LibCommon/0guests/Tako78/ComplexVectorBase.cs:385: warning: argument 'dimenson' of command @param is not found in the argument list of IG::Num::ComplexVectorBase::Resize(ref IComplexVector vec, IComplexVector template, int dimension)
D:/users/workspace/develop/shell/lib/LibCommon/0guests/Tako78/ComplexVectorBase.cs:385: warning: The following parameters of IG::Num::ComplexVectorBase::Resize(ref IComplexVector vec, IComplexVector template, int dimension) are not documented:
  parameter 'dimension'
D:/users/workspace/develop/shell/lib/LibCommon/0guests/Tako78/ComplexVectorBase.cs:422: warning: argument 'dimenson' of command @param is not found in the argument list of IG::Num::ComplexVectorBase::Resize(ref IComplexVector vec, int dimension)
D:/users/workspace/develop/shell/lib/LibCommon/0guests/Tako78/ComplexVectorBase.cs:422: warning: The following parameters of IG::Num::ComplexVectorBase::Resize(ref IComplexVector vec, int dimension) are not documented:
  parameter 'dimension'
D:/users/workspace/develop/shell/lib/LibCommon/0guests/Tako78/ComplexVectorBase.cs:698: warning: argument 'v1' of command @param is not found in the argument list of IG::Num::ComplexVectorBase::ArrayAddPlain(IComplexVector a, double scal, IComplexVector result)
D:/users/workspace/develop/shell/lib/LibCommon/0guests/Tako78/ComplexVectorBase.cs:698: warning: argument 'd' of command @param is not found in the argument list of IG::Num::ComplexVectorBase::ArrayAddPlain(IComplexVector a, double scal, IComplexVector result)
D:/users/workspace/develop/shell/lib/LibCommon/0guests/Tako78/ComplexVectorBase.cs:698: warning: The following parameters of IG::Num::ComplexVectorBase::ArrayAddPlain(IComplexVector a, double scal, IComplexVector result) are not documented:
  parameter 'a'
  parameter 'scal'
D:/users/workspace/develop/shell/lib/LibCommon/0guests/Tako78/ComplexVectorBase.cs:712: warning: argument 'v1' of command @param is not found in the argument list of IG::Num::ComplexVectorBase::ArrayAdd(IComplexVector a, double scal, IComplexVector result)
D:/users/workspace/develop/shell/lib/LibCommon/0guests/Tako78/ComplexVectorBase.cs:712: warning: argument 'd' of command @param is not found in the argument list of IG::Num::ComplexVectorBase::ArrayAdd(IComplexVector a, double scal, IComplexVector result)
D:/users/workspace/develop/shell/lib/LibCommon/0guests/Tako78/ComplexVectorBase.cs:712: warning: The following parameters of IG::Num::ComplexVectorBase::ArrayAdd(IComplexVector a, double scal, IComplexVector result) are not documented:
  parameter 'a'
  parameter 'scal'
D:/users/workspace/develop/shell/lib/LibCommon/0guests/Tako78/ComplexVectorBase.cs:733: warning: argument 'v1' of command @param is not found in the argument list of IG::Num::ComplexVectorBase::ArrayAdd(IComplexVector a, double scal, ref IComplexVector result)
D:/users/workspace/develop/shell/lib/LibCommon/0guests/Tako78/ComplexVectorBase.cs:733: warning: argument 'd' of command @param is not found in the argument list of IG::Num::ComplexVectorBase::ArrayAdd(IComplexVector a, double scal, ref IComplexVector result)
D:/users/workspace/develop/shell/lib/LibCommon/0guests/Tako78/ComplexVectorBase.cs:733: warning: The following parameters of IG::Num::ComplexVectorBase::ArrayAdd(IComplexVector a, double scal, ref IComplexVector result) are not documented:
  parameter 'a'
  parameter 'scal'
D:/users/workspace/develop/shell/lib/LibCommon/0guests/Tako78/ComplexVectorBase.cs:752: warning: argument 'v1' of command @param is not found in the argument list of IG::Num::ComplexVectorBase::ArraySubtractPlain(IComplexVector a, double scal, IComplexVector result)
D:/users/workspace/develop/shell/lib/LibCommon/0guests/Tako78/ComplexVectorBase.cs:752: warning: argument 'd' of command @param is not found in the argument list of IG::Num::ComplexVectorBase::ArraySubtractPlain(IComplexVector a, double scal, IComplexVector result)
D:/users/workspace/develop/shell/lib/LibCommon/0guests/Tako78/ComplexVectorBase.cs:752: warning: The following parameters of IG::Num::ComplexVectorBase::ArraySubtractPlain(IComplexVector a, double scal, IComplexVector result) are not documented:
  parameter 'a'
  parameter 'scal'
D:/users/workspace/develop/shell/lib/LibCommon/0guests/Tako78/ComplexVectorBase.cs:766: warning: argument 'v1' of command @param is not found in the argument list of IG::Num::ComplexVectorBase::ArraySubtract(IComplexVector a, double scal, IComplexVector result)
D:/users/workspace/develop/shell/lib/LibCommon/0guests/Tako78/ComplexVectorBase.cs:766: warning: argument 'd' of command @param is not found in the argument list of IG::Num::ComplexVectorBase::ArraySubtract(IComplexVector a, double scal, IComplexVector result)
D:/users/workspace/develop/shell/lib/LibCommon/0guests/Tako78/ComplexVectorBase.cs:766: warning: The following parameters of IG::Num::ComplexVectorBase::ArraySubtract(IComplexVector a, double scal, IComplexVector result) are not documented:
  parameter 'a'
  parameter 'scal'
D:/users/workspace/develop/shell/lib/LibCommon/0guests/Tako78/ComplexVectorBase.cs:787: warning: argument 'v1' of command @param is not found in the argument list of IG::Num::ComplexVectorBase::ArraySubtract(IComplexVector a, double scal, ref IComplexVector result)
D:/users/workspace/develop/shell/lib/LibCommon/0guests/Tako78/ComplexVectorBase.cs:787: warning: argument 'd' of command @param is not found in the argument list of IG::Num::ComplexVectorBase::ArraySubtract(IComplexVector a, double scal, ref IComplexVector result)
D:/users/workspace/develop/shell/lib/LibCommon/0guests/Tako78/ComplexVectorBase.cs:787: warning: The following parameters of IG::Num::ComplexVectorBase::ArraySubtract(IComplexVector a, double scal, ref IComplexVector result) are not documented:
  parameter 'a'
  parameter 'scal'
D:/users/workspace/develop/shell/lib/LibCommon/0guests/Tako78/ComplexVectorBase.cs:806: warning: argument 'v1' of command @param is not found in the argument list of IG::Num::ComplexVectorBase::MultiplyPlain(IComplexVector a, double scal, IComplexVector result)
D:/users/workspace/develop/shell/lib/LibCommon/0guests/Tako78/ComplexVectorBase.cs:806: warning: argument 'd' of command @param is not found in the argument list of IG::Num::ComplexVectorBase::MultiplyPlain(IComplexVector a, double scal, IComplexVector result)
D:/users/workspace/develop/shell/lib/LibCommon/0guests/Tako78/ComplexVectorBase.cs:806: warning: The following parameters of IG::Num::ComplexVectorBase::MultiplyPlain(IComplexVector a, double scal, IComplexVector result) are not documented:
  parameter 'a'
  parameter 'scal'
D:/users/workspace/develop/shell/lib/LibCommon/0guests/Tako78/ComplexVectorBase.cs:820: warning: argument 'v1' of command @param is not found in the argument list of IG::Num::ComplexVectorBase::Multiply(IComplexVector a, double scal, IComplexVector result)
D:/users/workspace/develop/shell/lib/LibCommon/0guests/Tako78/ComplexVectorBase.cs:820: warning: argument 'd' of command @param is not found in the argument list of IG::Num::ComplexVectorBase::Multiply(IComplexVector a, double scal, IComplexVector result)
D:/users/workspace/develop/shell/lib/LibCommon/0guests/Tako78/ComplexVectorBase.cs:820: warning: The following parameters of IG::Num::ComplexVectorBase::Multiply(IComplexVector a, double scal, IComplexVector result) are not documented:
  parameter 'a'
  parameter 'scal'
D:/users/workspace/develop/shell/lib/LibCommon/0guests/Tako78/ComplexVectorBase.cs:841: warning: argument 'v1' of command @param is not found in the argument list of IG::Num::ComplexVectorBase::Multiply(IComplexVector a, double scal, ref IComplexVector result)
D:/users/workspace/develop/shell/lib/LibCommon/0guests/Tako78/ComplexVectorBase.cs:841: warning: argument 'd' of command @param is not found in the argument list of IG::Num::ComplexVectorBase::Multiply(IComplexVector a, double scal, ref IComplexVector result)
D:/users/workspace/develop/shell/lib/LibCommon/0guests/Tako78/ComplexVectorBase.cs:841: warning: The following parameters of IG::Num::ComplexVectorBase::Multiply(IComplexVector a, double scal, ref IComplexVector result) are not documented:
  parameter 'a'
  parameter 'scal'
D:/users/workspace/develop/shell/lib/LibCommon/0guests/Tako78/ComplexVectorBase.cs:860: warning: argument 'v1' of command @param is not found in the argument list of IG::Num::ComplexVectorBase::ScalePlain(IComplexVector a, double scal, IComplexVector result)
D:/users/workspace/develop/shell/lib/LibCommon/0guests/Tako78/ComplexVectorBase.cs:860: warning: argument 'd' of command @param is not found in the argument list of IG::Num::ComplexVectorBase::ScalePlain(IComplexVector a, double scal, IComplexVector result)
D:/users/workspace/develop/shell/lib/LibCommon/0guests/Tako78/ComplexVectorBase.cs:860: warning: The following parameters of IG::Num::ComplexVectorBase::ScalePlain(IComplexVector a, double scal, IComplexVector result) are not documented:
  parameter 'a'
  parameter 'scal'
D:/users/workspace/develop/shell/lib/LibCommon/0guests/Tako78/ComplexVectorBase.cs:874: warning: argument 'v1' of command @param is not found in the argument list of IG::Num::ComplexVectorBase::Scale(IComplexVector a, double scal, IComplexVector result)
D:/users/workspace/develop/shell/lib/LibCommon/0guests/Tako78/ComplexVectorBase.cs:874: warning: argument 'd' of command @param is not found in the argument list of IG::Num::ComplexVectorBase::Scale(IComplexVector a, double scal, IComplexVector result)
D:/users/workspace/develop/shell/lib/LibCommon/0guests/Tako78/ComplexVectorBase.cs:874: warning: The following parameters of IG::Num::ComplexVectorBase::Scale(IComplexVector a, double scal, IComplexVector result) are not documented:
  parameter 'a'
  parameter 'scal'
D:/users/workspace/develop/shell/lib/LibCommon/0guests/Tako78/ComplexVectorBase.cs:895: warning: argument 'v1' of command @param is not found in the argument list of IG::Num::ComplexVectorBase::Scale(IComplexVector a, double scal, ref IComplexVector result)
D:/users/workspace/develop/shell/lib/LibCommon/0guests/Tako78/ComplexVectorBase.cs:895: warning: argument 'd' of command @param is not found in the argument list of IG::Num::ComplexVectorBase::Scale(IComplexVector a, double scal, ref IComplexVector result)
D:/users/workspace/develop/shell/lib/LibCommon/0guests/Tako78/ComplexVectorBase.cs:895: warning: The following parameters of IG::Num::ComplexVectorBase::Scale(IComplexVector a, double scal, ref IComplexVector result) are not documented:
  parameter 'a'
  parameter 'scal'
D:/users/workspace/develop/shell/lib/LibCommon/0guests/Tako78/ComplexVectorBase.cs:914: warning: argument 'v1' of command @param is not found in the argument list of IG::Num::ComplexVectorBase::DividePlain(IComplexVector a, complex scal, IComplexVector result)
D:/users/workspace/develop/shell/lib/LibCommon/0guests/Tako78/ComplexVectorBase.cs:914: warning: argument 'd' of command @param is not found in the argument list of IG::Num::ComplexVectorBase::DividePlain(IComplexVector a, complex scal, IComplexVector result)
D:/users/workspace/develop/shell/lib/LibCommon/0guests/Tako78/ComplexVectorBase.cs:914: warning: The following parameters of IG::Num::ComplexVectorBase::DividePlain(IComplexVector a, complex scal, IComplexVector result) are not documented:
  parameter 'a'
  parameter 'scal'
D:/users/workspace/develop/shell/lib/LibCommon/0guests/Tako78/ComplexVectorBase.cs:927: warning: argument 'v1' of command @param is not found in the argument list of IG::Num::ComplexVectorBase::Divide(IComplexVector a, complex scal, IComplexVector result)
D:/users/workspace/develop/shell/lib/LibCommon/0guests/Tako78/ComplexVectorBase.cs:927: warning: argument 'd' of command @param is not found in the argument list of IG::Num::ComplexVectorBase::Divide(IComplexVector a, complex scal, IComplexVector result)
D:/users/workspace/develop/shell/lib/LibCommon/0guests/Tako78/ComplexVectorBase.cs:927: warning: The following parameters of IG::Num::ComplexVectorBase::Divide(IComplexVector a, complex scal, IComplexVector result) are not documented:
  parameter 'a'
  parameter 'scal'
D:/users/workspace/develop/shell/lib/LibCommon/0guests/Tako78/ComplexVectorBase.cs:947: warning: argument 'v1' of command @param is not found in the argument list of IG::Num::ComplexVectorBase::Divide(IComplexVector a, complex scal, ref IComplexVector result)
D:/users/workspace/develop/shell/lib/LibCommon/0guests/Tako78/ComplexVectorBase.cs:947: warning: argument 'd' of command @param is not found in the argument list of IG::Num::ComplexVectorBase::Divide(IComplexVector a, complex scal, ref IComplexVector result)
D:/users/workspace/develop/shell/lib/LibCommon/0guests/Tako78/ComplexVectorBase.cs:947: warning: The following parameters of IG::Num::ComplexVectorBase::Divide(IComplexVector a, complex scal, ref IComplexVector result) are not documented:
  parameter 'a'
  parameter 'scal'
D:/users/workspace/develop/shell/lib/LibOpt/interfaces/jmatpro/SimJMatProFileManager (Ferdo-PC's conflicted copy 2012-11-24).cs:3213: warning: argument 'specifiedMaterialDirectoryPath' of command @param is not found in the argument list of IG::Num::SimJMatProFileManagerBase::GetMaterialDirectoryPath(string materialDirectoryPath)
D:/users/workspace/develop/shell/lib/LibOpt/interfaces/jmatpro/SimJMatProFileManager (Ferdo-PC's conflicted copy 2012-11-24).cs:3213: warning: The following parameters of IG::Num::SimJMatProFileManagerBase::GetMaterialDirectoryPath(string materialDirectoryPath) are not documented:
  parameter 'materialDirectoryPath'
D:/users/workspace/develop/shell/lib/LibOpt/interfaces/jmatpro/SimJMatProFMSim (Ferdo-PC's conflicted copy 2012-11-24).cs:190: warning: argument 'whichSimulator' of command @param is not found in the argument list of IG::Num::SimJMatProFileManagerBase::GetSimulatorCastingRobertDirectoryPath(int whichsimulator)
D:/users/workspace/develop/shell/lib/LibOpt/interfaces/jmatpro/SimJMatProFMSim (Ferdo-PC's conflicted copy 2012-11-24).cs:190: warning: The following parameters of IG::Num::SimJMatProFileManagerBase::GetSimulatorCastingRobertDirectoryPath(int whichsimulator) are not documented:
  parameter 'whichsimulator'
D:/users/workspace/develop/shell/lib/LibOpt/interfaces/jmatpro/SimJMatProFMSim.cs:193: warning: argument 'whichSimulator' of command @param is not found in the argument list of IG::Num::SimJMatProFileManagerBase::GetSimulatorCastingRobertDirectoryPath(int whichsimulator)
D:/users/workspace/develop/shell/lib/LibOpt/interfaces/jmatpro/SimJMatProFMSim.cs:193: warning: The following parameters of IG::Num::SimJMatProFileManagerBase::GetSimulatorCastingRobertDirectoryPath(int whichsimulator) are not documented:
  parameter 'whichsimulator'
D:/users/workspace/develop/shell/lib/LibOpt/interfaces/jmatpro/SimJMatProFileManager.cs:5519: warning: argument 'throwExceptions' of command @param is not found in the argument list of IG::Num::SimJMatProFileManagerBase::JMatResultInfo::GetElement(int row, int column)
D:/users/workspace/develop/shell/lib/LibOpt/interfaces/jmatpro/SimJMatProFMSimClasses.cs:82: warning: The following parameters of IG::Num::SimJMatProFileManagerBase::SimulationInfoBase::SimulationInfoBase(SimJMatProFileManagerBase jmatFmArg, string argSimulationBundleName, int numSimulationsPerMaterial) are not documented:
  parameter 'numSimulationsPerMaterial'
D:/users/workspace/develop/shell/lib/LibOpt/interfaces/robert/ExamsTadej/ConvectionRev1RobertFileManager.cs:19: warning: argument 'projectName' of command @param is not found in the argument list of IG::Num::ConvectionRev1RobertFileManager::ConvectionRev1RobertFileManager(string rootDirectory)
D:/users/workspace/develop/shell/lib/LibOpt/interfaces/robert/ExamsTadej/ConvectionRev1RobertFileManager.cs:19: warning: argument 'simulationName' of command @param is not found in the argument list of IG::Num::ConvectionRev1RobertFileManager::ConvectionRev1RobertFileManager(string rootDirectory)
D:/users/workspace/develop/shell/lib/LibOpt/interfaces/robert/ExamsTadej/ConvectionRev1RobertFileManager.cs:33: warning: argument 'outputValues' of command @param is not found in the argument list of IG::Num::ConvectionRev1RobertFileManager::WriteInputParameters(IVector inputParameters)
D:/users/workspace/develop/shell/lib/LibOpt/interfaces/robert/ExamsTadej/ConvectionRev1RobertFileManager.cs:33: warning: The following parameters of IG::Num::ConvectionRev1RobertFileManager::WriteInputParameters(IVector inputParameters) are not documented:
  parameter 'inputParameters'
D:/users/workspace/develop/shell/lib/LibOpt/interfaces/robert/ExamsTadej/ConvectionRev1RobertFileManager.cs:116: warning: argument 'outputValues' of command @param is not found in the argument list of IG::Num::ConvectionRev1RobertFileManager::WriteInputParameters(IVector inputParameters, string inputPath)
D:/users/workspace/develop/shell/lib/LibOpt/interfaces/robert/ExamsTadej/ConvectionRev1RobertFileManager.cs:116: warning: argument 'outputValues' of command @param is not found in the argument list of IG::Num::ConvectionRev1RobertFileManager::WriteInputParameters(IVector inputParameters, string inputPath)
D:/users/workspace/develop/shell/lib/LibOpt/interfaces/robert/ExamsTadej/ConvectionRev1RobertFileManager.cs:116: warning: The following parameters of IG::Num::ConvectionRev1RobertFileManager::WriteInputParameters(IVector inputParameters, string inputPath) are not documented:
  parameter 'inputParameters'
  parameter 'inputPath'
D:/users/workspace/develop/shell/lib/LibOpt/interfaces/robert/ExamsTadej/ConvectionRobertFileManager.cs:27: warning: argument 'projectName' of command @param is not found in the argument list of IG::Num::ConvectionRobertFileManager::ConvectionRobertFileManager(string rootDirectory)
D:/users/workspace/develop/shell/lib/LibOpt/interfaces/robert/ExamsTadej/ConvectionRobertFileManager.cs:27: warning: argument 'simulationName' of command @param is not found in the argument list of IG::Num::ConvectionRobertFileManager::ConvectionRobertFileManager(string rootDirectory)
D:/users/workspace/develop/shell/lib/LibOpt/interfaces/robert/ExamsTadej/ConvectionRobertFileManager.cs:212: warning: argument 'outputValues' of command @param is not found in the argument list of IG::Num::ConvectionRobertFileManager::WriteInputParameters(IVector inputParameters)
D:/users/workspace/develop/shell/lib/LibOpt/interfaces/robert/ExamsTadej/ConvectionRobertFileManager.cs:212: warning: The following parameters of IG::Num::ConvectionRobertFileManager::WriteInputParameters(IVector inputParameters) are not documented:
  parameter 'inputParameters'
D:/users/workspace/develop/shell/lib/LibOpt/interfaces/robert/ExamsTadej/ConvectionRobertFileManager.cs:377: warning: argument 'outputValues' of command @param is not found in the argument list of IG::Num::ConvectionRobertFileManager::WriteInputParameters(IVector inputParameters, string inputPath)
D:/users/workspace/develop/shell/lib/LibOpt/interfaces/robert/ExamsTadej/ConvectionRobertFileManager.cs:377: warning: argument 'outputValues' of command @param is not found in the argument list of IG::Num::ConvectionRobertFileManager::WriteInputParameters(IVector inputParameters, string inputPath)
D:/users/workspace/develop/shell/lib/LibOpt/interfaces/robert/ExamsTadej/ConvectionRobertFileManager.cs:377: warning: The following parameters of IG::Num::ConvectionRobertFileManager::WriteInputParameters(IVector inputParameters, string inputPath) are not documented:
  parameter 'inputParameters'
  parameter 'inputPath'
D:/users/workspace/develop/shell/lib/LibOpt/interfaces/robert/ExamsTadej/ConvectionRobertFileManager.cs:415: warning: The following parameters of IG::Num::ConvectionRobertFileManager::ReadOutputValues(ref IVector outputValues, string outputPath) are not documented:
  parameter 'outputPath'
D:/users/workspace/develop/shell/lib/LibOpt/interfaces/robert/ExamsTadej/NafemsTestRoberrFileManager.cs:27: warning: argument 'projectName' of command @param is not found in the argument list of IG::Num::NafemsTestRoberrFileManager::NafemsTestRoberrFileManager(string rootDirectory)
D:/users/workspace/develop/shell/lib/LibOpt/interfaces/robert/ExamsTadej/NafemsTestRoberrFileManager.cs:27: warning: argument 'simulationName' of command @param is not found in the argument list of IG::Num::NafemsTestRoberrFileManager::NafemsTestRoberrFileManager(string rootDirectory)
D:/users/workspace/develop/shell/lib/LibOpt/interfaces/robert/SimCastingRobertFileManager.cs:759: warning: argument 'outputValues' of command @param is not found in the argument list of IG::Num::SimCastingRobertFileManager::WriteInputParameters(IVector inputParameters)
D:/users/workspace/develop/shell/lib/LibOpt/interfaces/robert/SimCastingRobertFileManager.cs:759: warning: The following parameters of IG::Num::SimCastingRobertFileManager::WriteInputParameters(IVector inputParameters) are not documented:
  parameter 'inputParameters'
D:/users/workspace/develop/shell/extensions/ExtShellApp/00testscriptsext/tests/ScriptExtExamples.cs:67: warning: argument 'interpreter' of command @param is not found in the argument list of IG::Script::ScriptExtExamples::Custom(string[] arguments)
D:/users/workspace/develop/shell/extensions/ExtShellApp/00testscriptsext/tests/ScriptExtExamples.cs:67: warning: argument 'helpStrings' of command @param is not found in the argument list of IG::Script::ScriptExtExamples::Custom(string[] arguments)
D:/users/workspace/develop/shell/extensions/ExtShellApp/00testscriptsext/tests/ScriptExtExamples.cs:67: warning: The following parameters of IG::Script::ScriptExtExamples::Custom(string[] arguments) are not documented:
  parameter 'arguments'
D:/users/workspace/develop/shell/extensions/ExtShellApp/00testscriptsext/tmp/S_12_09_jmatpro.cs:1091: warning: Missing 'name' attribute from <param> tag.
D:/users/workspace/develop/shell/extensions/ExtShellApp/00testscriptsext/tmp/S_12_09_jmatpro.cs:1091: warning: Missing 'name' attribute from <param> tag.
D:/users/workspace/develop/shell/extensions/ExtShellAppExt/00testscriptsext/tests/ScriptExtExamplesExt.cs:56: warning: argument 'interpreter' of command @param is not found in the argument list of IG::Script::ScriptExtExamplesExt::Custom(string[] arguments)
D:/users/workspace/develop/shell/extensions/ExtShellAppExt/00testscriptsext/tests/ScriptExtExamplesExt.cs:56: warning: argument 'helpStrings' of command @param is not found in the argument list of IG::Script::ScriptExtExamplesExt::Custom(string[] arguments)
D:/users/workspace/develop/shell/extensions/ExtShellAppExt/00testscriptsext/tests/ScriptExtExamplesExt.cs:56: warning: The following parameters of IG::Script::ScriptExtExamplesExt::Custom(string[] arguments) are not documented:
  parameter 'arguments'
D:/users/workspace/develop/shell/extensions/ExtNeuralApp/00testscriptsneural/tmp/S_12_02_COPY_paper_neural_process_chain_model_.cs:1061: warning: argument 'verificationPointsResponse' of command @param is not found in the argument list of IG::Script::S_12_02_paper_neural_process_chain_model::CalculateTrainingError(int whichOut, ref List< IVector > trainingPointsResponse)
D:/users/workspace/develop/shell/extensions/ExtNeuralApp/00testscriptsneural/tmp/S_12_02_COPY_paper_neural_process_chain_model_.cs:1061: warning: The following parameters of IG::Script::S_12_02_paper_neural_process_chain_model::CalculateTrainingError(int whichOut, ref List< IVector > trainingPointsResponse) are not documented:
  parameter 'trainingPointsResponse'
D:/users/workspace/develop/shell/extensions/ExtNeuralApp/00testscriptsneural/tmp/S_12_02_COPY_paper_neural_process_chain_model_.cs:1929: warning: The following parameters of IG::Script::S_12_02_paper_neural_process_chain_model::CalculateVerificationError(int whichOut, ref List< IVector > relativeVerificationErrors) are not documented:
  parameter 'whichOut'
D:/users/workspace/develop/shell/lib/extended/LibShellExt/scripts/ScriptShellNeuralBase.cs:1009: warning: argument 'threadIndex' of command @param is not found in the argument list of IG::Script::LoadableScriptShellNeuralBase::GetParallelResultFilePath()
D:/users/workspace/develop/shell/lib/extended/LibShellExt/scripts/ScriptShellNeuralBase.cs:1243: warning: Unsupported xml/html tag <remeremarks> found
D:/users/workspace/develop/shell/lib/extended/LibShellExt/scripts/ScriptShellNeuralBase.cs:1244: warning: Unsupported xml/html tag </remeremarks> found
D:/users/workspace/develop/shell/lib/extended/LibShellExt/scripts/ScriptShellNeuralBase.cs:1761: warning: argument 'inputVector' of command @param is not found in the argument list of IG::Script::LoadableScriptShellNeuralBase::GetNeuralOutputVector(double relativeComponents, ref IVector outputVector)
D:/users/workspace/develop/shell/lib/extended/LibShellExt/scripts/ScriptShellNeuralBase.cs:1761: warning: The following parameters of IG::Script::LoadableScriptShellNeuralBase::GetNeuralOutputVector(double relativeComponents, ref IVector outputVector) are not documented:
  parameter 'outputVector'
D:/users/workspace/develop/shell/lib/extended/LibShellExt/scripts/ScriptShellNeuralBase.cs:1822: warning: argument 'inputVector' of command @param is not found in the argument list of IG::Script::LoadableScriptShellNeuralBase::GetNeuralOutputVector(IVector relativeComponents, ref IVector outputVector)
D:/users/workspace/develop/shell/lib/extended/LibShellExt/scripts/ScriptShellNeuralBase.cs:1822: warning: The following parameters of IG::Script::LoadableScriptShellNeuralBase::GetNeuralOutputVector(IVector relativeComponents, ref IVector outputVector) are not documented:
  parameter 'outputVector'
D:/users/workspace/develop/shell/lib/extended/LibShellExt/scripts/ScriptShellNeuralBase.cs:2005: warning: argument 'countVerificationPoints' of command @param is not found in the argument list of IG::Script::LoadableScriptShellNeuralBase::GetClosestInputIndex(IVector v1, bool includeVerificationPoints)
D:/users/workspace/develop/shell/lib/extended/LibShellExt/scripts/ScriptShellNeuralBase.cs:2005: warning: The following parameters of IG::Script::LoadableScriptShellNeuralBase::GetClosestInputIndex(IVector v1, bool includeVerificationPoints) are not documented:
  parameter 'includeVerificationPoints'
D:/users/workspace/develop/shell/lib/extended/LibShellExt/scripts/ScriptShellNeuralBase.cs:2028: warning: argument 'countVerificationPoints' of command @param is not found in the argument list of IG::Script::LoadableScriptShellNeuralBase::GetClosestOutputIndex(IVector v1, bool includeVerificationPoints)
D:/users/workspace/develop/shell/lib/extended/LibShellExt/scripts/ScriptShellNeuralBase.cs:2028: warning: The following parameters of IG::Script::LoadableScriptShellNeuralBase::GetClosestOutputIndex(IVector v1, bool includeVerificationPoints) are not documented:
  parameter 'includeVerificationPoints'
D:/users/workspace/develop/shell/lib/extended/LibShellExt/scripts/ScriptShellNeuralBase.cs:2255: warning: argument 'printIndividualPoints' of command @param is not found in the argument list of IG::Script::LoadableScriptShellNeuralBase::TestClosestPoints(int numClosestPoints, bool includeVerificationPoints, bool printByComponents, bool printIndividualPointsComp, params SampledDataElement[] points)
D:/users/workspace/develop/shell/lib/extended/LibShellExt/scripts/ScriptShellNeuralBase.cs:2260: warning: unterminated param or exception tag
D:/users/workspace/develop/shell/lib/extended/LibShellExt/scripts/ScriptShellNeuralBase.cs:2255: warning: The following parameters of IG::Script::LoadableScriptShellNeuralBase::TestClosestPoints(int numClosestPoints, bool includeVerificationPoints, bool printByComponents, bool printIndividualPointsComp, params SampledDataElement[] points) are not documented:
  parameter 'printIndividualPointsComp'
D:/users/workspace/develop/shell/lib/extended/LibShellExt/scripts/ScriptShellNeuralBase.cs:2505: warning: The following parameters of IG::Script::LoadableScriptShellNeuralBase::NeuralCalculate(IVector inputParameters, ref IVector outputValues) are not documented:
  parameter 'outputValues'
D:/users/workspace/develop/shell/Test_Tadej/ProgramTestTadej.cs:361: warning: The following parameters of Test_Tadej::ProgramTestTadejApp::ExampleSaveCastingNetwork(string directoryPath, string fileName, string internalStateFileName, SampledDataSet trainingData, bool saveRestored) are not documented:
  parameter 'trainingData'
